This file contains any messages produced by compilers while
running configure, to aid debugging if configure makes a mistake.

It was created by FULL-PACKAGE-NAME configure VERSION, which was
generated by GNU Autoconf 2.65.  Invocation command line was

  $ ./configure 

## --------- ##
## Platform. ##
## --------- ##

hostname = shkaterruesi
uname -m = x86_64
uname -r = 3.12-kali1-amd64
uname -s = Linux
uname -v = #1 SMP Debian 3.12.6-2kali1 (2014-01-06)

/usr/bin/uname -p = unknown
/bin/uname -X     = unknown

/bin/arch              = unknown
/usr/bin/arch -k       = unknown
/usr/convex/getsysinfo = unknown
/usr/bin/hostinfo      = unknown
/bin/machine           = unknown
/usr/bin/oslevel       = unknown
/bin/universe          = unknown

PATH: /usr/local/sbin
PATH: /usr/local/bin
PATH: /usr/sbin
PATH: /usr/bin
PATH: /sbin
PATH: /bin


## ----------- ##
## Core tests. ##
## ----------- ##

configure:2245: checking for g++
configure:2261: found /usr/bin/g++
configure:2272: result: g++
configure:2299: checking for C++ compiler version
configure:2308: g++ --version >&5
g++ (Debian 4.7.2-5) 4.7.2
Copyright (C) 2012 Free Software Foundation, Inc.
This is free software; see the source for copying conditions.  There is NO
warranty; not even for MERCHANTABILITY or FITNESS FOR A PARTICULAR PURPOSE.

configure:2319: $? = 0
configure:2308: g++ -v >&5
Using built-in specs.
COLLECT_GCC=g++
COLLECT_LTO_WRAPPER=/usr/lib/gcc/x86_64-linux-gnu/4.7/lto-wrapper
Target: x86_64-linux-gnu
Configured with: ../src/configure -v --with-pkgversion='Debian 4.7.2-5' --with-bugurl=file:///usr/share/doc/gcc-4.7/README.Bugs --enable-languages=c,c++,go,fortran,objc,obj-c++ --prefix=/usr --program-suffix=-4.7 --enable-shared --enable-linker-build-id --with-system-zlib --libexecdir=/usr/lib --without-included-gettext --enable-threads=posix --with-gxx-include-dir=/usr/include/c++/4.7 --libdir=/usr/lib --enable-nls --with-sysroot=/ --enable-clocale=gnu --enable-libstdcxx-debug --enable-libstdcxx-time=yes --enable-gnu-unique-object --enable-plugin --enable-objc-gc --with-arch-32=i586 --with-tune=generic --enable-checking=release --build=x86_64-linux-gnu --host=x86_64-linux-gnu --target=x86_64-linux-gnu
Thread model: posix
gcc version 4.7.2 (Debian 4.7.2-5) 
configure:2319: $? = 0
configure:2308: g++ -V >&5
g++: error: unrecognized command line option '-V'
g++: fatal error: no input files
compilation terminated.
configure:2319: $? = 4
configure:2308: g++ -qversion >&5
g++: error: unrecognized command line option '-qversion'
g++: fatal error: no input files
compilation terminated.
configure:2319: $? = 4
configure:2339: checking whether the C++ compiler works
configure:2361: g++    conftest.cpp  >&5
configure:2365: $? = 0
configure:2414: result: yes
configure:2417: checking for C++ compiler default output file name
configure:2419: result: a.out
configure:2425: checking for suffix of executables
configure:2432: g++ -o conftest    conftest.cpp  >&5
configure:2436: $? = 0
configure:2458: result: 
configure:2480: checking whether we are cross compiling
configure:2488: g++ -o conftest    conftest.cpp  >&5
configure:2492: $? = 0
configure:2499: ./conftest
configure:2503: $? = 0
configure:2518: result: no
configure:2523: checking for suffix of object files
configure:2545: g++ -c   conftest.cpp >&5
configure:2549: $? = 0
configure:2570: result: o
configure:2574: checking whether we are using the GNU C++ compiler
configure:2593: g++ -c   conftest.cpp >&5
configure:2593: $? = 0
configure:2602: result: yes
configure:2611: checking whether g++ accepts -g
configure:2631: g++ -c -g  conftest.cpp >&5
configure:2631: $? = 0
configure:2672: result: yes
configure:2743: checking for gcc
configure:2759: found /usr/bin/gcc
configure:2770: result: gcc
configure:2999: checking for C compiler version
configure:3008: gcc --version >&5
gcc (Debian 4.7.2-5) 4.7.2
Copyright (C) 2012 Free Software Foundation, Inc.
This is free software; see the source for copying conditions.  There is NO
warranty; not even for MERCHANTABILITY or FITNESS FOR A PARTICULAR PURPOSE.

configure:3019: $? = 0
configure:3008: gcc -v >&5
Using built-in specs.
COLLECT_GCC=gcc
COLLECT_LTO_WRAPPER=/usr/lib/gcc/x86_64-linux-gnu/4.7/lto-wrapper
Target: x86_64-linux-gnu
Configured with: ../src/configure -v --with-pkgversion='Debian 4.7.2-5' --with-bugurl=file:///usr/share/doc/gcc-4.7/README.Bugs --enable-languages=c,c++,go,fortran,objc,obj-c++ --prefix=/usr --program-suffix=-4.7 --enable-shared --enable-linker-build-id --with-system-zlib --libexecdir=/usr/lib --without-included-gettext --enable-threads=posix --with-gxx-include-dir=/usr/include/c++/4.7 --libdir=/usr/lib --enable-nls --with-sysroot=/ --enable-clocale=gnu --enable-libstdcxx-debug --enable-libstdcxx-time=yes --enable-gnu-unique-object --enable-plugin --enable-objc-gc --with-arch-32=i586 --with-tune=generic --enable-checking=release --build=x86_64-linux-gnu --host=x86_64-linux-gnu --target=x86_64-linux-gnu
Thread model: posix
gcc version 4.7.2 (Debian 4.7.2-5) 
configure:3019: $? = 0
configure:3008: gcc -V >&5
gcc: error: unrecognized command line option '-V'
gcc: fatal error: no input files
compilation terminated.
configure:3019: $? = 4
configure:3008: gcc -qversion >&5
gcc: error: unrecognized command line option '-qversion'
gcc: fatal error: no input files
compilation terminated.
configure:3019: $? = 4
configure:3023: checking whether we are using the GNU C compiler
configure:3042: gcc -c   conftest.c >&5
configure:3042: $? = 0
configure:3051: result: yes
configure:3060: checking whether gcc accepts -g
configure:3080: gcc -c -g  conftest.c >&5
configure:3080: $? = 0
configure:3121: result: yes
configure:3138: checking for gcc option to accept ISO C89
configure:3202: gcc  -c -g -O2  conftest.c >&5
configure:3202: $? = 0
configure:3215: result: none needed
configure:3278: checking for ranlib
configure:3294: found /usr/bin/ranlib
configure:3305: result: ranlib
configure:3334: checking how to run the C preprocessor
configure:3365: gcc -E  conftest.c
configure:3365: $? = 0
configure:3379: gcc -E  conftest.c
conftest.c:9:28: fatal error: ac_nonexistent.h: No such file or directory
compilation terminated.
configure:3379: $? = 1
configure: failed program was:
| /* confdefs.h */
| #define PACKAGE_NAME "FULL-PACKAGE-NAME"
| #define PACKAGE_TARNAME "full-package-name"
| #define PACKAGE_VERSION "VERSION"
| #define PACKAGE_STRING "FULL-PACKAGE-NAME VERSION"
| #define PACKAGE_BUGREPORT "BUG-REPORT-ADDRESS"
| #define PACKAGE_URL ""
| /* end confdefs.h.  */
| #include <ac_nonexistent.h>
configure:3404: result: gcc -E
configure:3424: gcc -E  conftest.c
configure:3424: $? = 0
configure:3438: gcc -E  conftest.c
conftest.c:9:28: fatal error: ac_nonexistent.h: No such file or directory
compilation terminated.
configure:3438: $? = 1
configure: failed program was:
| /* confdefs.h */
| #define PACKAGE_NAME "FULL-PACKAGE-NAME"
| #define PACKAGE_TARNAME "full-package-name"
| #define PACKAGE_VERSION "VERSION"
| #define PACKAGE_STRING "FULL-PACKAGE-NAME VERSION"
| #define PACKAGE_BUGREPORT "BUG-REPORT-ADDRESS"
| #define PACKAGE_URL ""
| /* end confdefs.h.  */
| #include <ac_nonexistent.h>
configure:3467: checking for X
configure:3575: gcc -E  conftest.c
configure:3575: $? = 0
configure:3606: gcc -o conftest -g -O2   conftest.c -lX11  >&5
configure:3606: $? = 0
configure:3656: result: libraries , headers 
configure:3755: gcc -o conftest -g -O2   conftest.c   -lX11 >&5
configure:3755: $? = 0
configure:3853: checking for gethostbyname
configure:3853: gcc -o conftest -g -O2   conftest.c  >&5
configure:3853: $? = 0
configure:3853: result: yes
configure:3950: checking for connect
configure:3950: gcc -o conftest -g -O2   conftest.c  >&5
configure:3950: $? = 0
configure:3950: result: yes
configure:3999: checking for remove
configure:3999: gcc -o conftest -g -O2   conftest.c  >&5
configure:3999: $? = 0
configure:3999: result: yes
configure:4048: checking for shmat
configure:4048: gcc -o conftest -g -O2   conftest.c  >&5
configure:4048: $? = 0
configure:4048: result: yes
configure:4106: checking for IceConnectionNumber in -lICE
configure:4131: gcc -o conftest -g -O2   conftest.c -lICE   >&5
configure:4131: $? = 0
configure:4140: result: yes
configure:4153: checking for dirent.h that defines DIR
configure:4172: gcc -c -g -O2  conftest.c >&5
configure:4172: $? = 0
configure:4180: result: yes
configure:4194: checking for library containing opendir
configure:4225: gcc -o conftest -g -O2   conftest.c  >&5
configure:4225: $? = 0
configure:4242: result: none required
configure:4312: checking for main in -lGoo
configure:4331: gcc -o conftest -g -O2   conftest.c -lGoo   >&5
/usr/bin/ld: cannot find -lGoo
collect2: error: ld returned 1 exit status
configure:4331: $? = 1
configure: failed program was:
| /* confdefs.h */
| #define PACKAGE_NAME "FULL-PACKAGE-NAME"
| #define PACKAGE_TARNAME "full-package-name"
| #define PACKAGE_VERSION "VERSION"
| #define PACKAGE_STRING "FULL-PACKAGE-NAME VERSION"
| #define PACKAGE_BUGREPORT "BUG-REPORT-ADDRESS"
| #define PACKAGE_URL ""
| #define HAVE_DIRENT_H 1
| /* end confdefs.h.  */
| 
| 
| int
| main ()
| {
| return main ();
|   ;
|   return 0;
| }
configure:4340: result: no
configure:4352: checking for main in -lX11
configure:4371: gcc -o conftest -g -O2   conftest.c -lX11   >&5
configure:4371: $? = 0
configure:4380: result: yes
configure:4392: checking for main in -lXpdf
configure:4411: gcc -o conftest -g -O2   conftest.c -lXpdf  -lX11  >&5
/usr/bin/ld: cannot find -lXpdf
collect2: error: ld returned 1 exit status
configure:4411: $? = 1
configure: failed program was:
| /* confdefs.h */
| #define PACKAGE_NAME "FULL-PACKAGE-NAME"
| #define PACKAGE_TARNAME "full-package-name"
| #define PACKAGE_VERSION "VERSION"
| #define PACKAGE_STRING "FULL-PACKAGE-NAME VERSION"
| #define PACKAGE_BUGREPORT "BUG-REPORT-ADDRESS"
| #define PACKAGE_URL ""
| #define HAVE_DIRENT_H 1
| #define HAVE_LIBX11 1
| /* end confdefs.h.  */
| 
| 
| int
| main ()
| {
| return main ();
|   ;
|   return 0;
| }
configure:4420: result: no
configure:4432: checking for main in -lfofi
configure:4451: gcc -o conftest -g -O2   conftest.c -lfofi  -lX11  >&5
/usr/bin/ld: cannot find -lfofi
collect2: error: ld returned 1 exit status
configure:4451: $? = 1
configure: failed program was:
| /* confdefs.h */
| #define PACKAGE_NAME "FULL-PACKAGE-NAME"
| #define PACKAGE_TARNAME "full-package-name"
| #define PACKAGE_VERSION "VERSION"
| #define PACKAGE_STRING "FULL-PACKAGE-NAME VERSION"
| #define PACKAGE_BUGREPORT "BUG-REPORT-ADDRESS"
| #define PACKAGE_URL ""
| #define HAVE_DIRENT_H 1
| #define HAVE_LIBX11 1
| /* end confdefs.h.  */
| 
| 
| int
| main ()
| {
| return main ();
|   ;
|   return 0;
| }
configure:4460: result: no
configure:4472: checking for main in -lfreetype
configure:4491: gcc -o conftest -g -O2   conftest.c -lfreetype  -lX11  >&5
configure:4491: $? = 0
configure:4500: result: yes
configure:4512: checking for main in -lm
configure:4531: gcc -o conftest -g -O2   conftest.c -lm  -lfreetype -lX11  >&5
configure:4531: $? = 0
configure:4540: result: yes
configure:4552: checking for main in -lsplash
configure:4571: gcc -o conftest -g -O2   conftest.c -lsplash  -lm -lfreetype -lX11  >&5
/usr/bin/ld: cannot find -lsplash
collect2: error: ld returned 1 exit status
configure:4571: $? = 1
configure: failed program was:
| /* confdefs.h */
| #define PACKAGE_NAME "FULL-PACKAGE-NAME"
| #define PACKAGE_TARNAME "full-package-name"
| #define PACKAGE_VERSION "VERSION"
| #define PACKAGE_STRING "FULL-PACKAGE-NAME VERSION"
| #define PACKAGE_BUGREPORT "BUG-REPORT-ADDRESS"
| #define PACKAGE_URL ""
| #define HAVE_DIRENT_H 1
| #define HAVE_LIBX11 1
| #define HAVE_LIBFREETYPE 1
| #define HAVE_LIBM 1
| /* end confdefs.h.  */
| 
| 
| int
| main ()
| {
| return main ();
|   ;
|   return 0;
| }
configure:4580: result: no
configure:4593: checking for grep that handles long lines and -e
configure:4651: result: /bin/grep
configure:4656: checking for egrep
configure:4718: result: /bin/grep -E
configure:4723: checking for ANSI C header files
configure:4743: gcc -c -g -O2  conftest.c >&5
configure:4743: $? = 0
configure:4816: gcc -o conftest -g -O2   conftest.c -lm -lfreetype -lX11  >&5
configure:4816: $? = 0
configure:4816: ./conftest
configure:4816: $? = 0
configure:4827: result: yes
configure:4840: checking for sys/types.h
configure:4840: gcc -c -g -O2  conftest.c >&5
configure:4840: $? = 0
configure:4840: result: yes
configure:4840: checking for sys/stat.h
configure:4840: gcc -c -g -O2  conftest.c >&5
configure:4840: $? = 0
configure:4840: result: yes
configure:4840: checking for stdlib.h
configure:4840: gcc -c -g -O2  conftest.c >&5
configure:4840: $? = 0
configure:4840: result: yes
configure:4840: checking for string.h
configure:4840: gcc -c -g -O2  conftest.c >&5
configure:4840: $? = 0
configure:4840: result: yes
configure:4840: checking for memory.h
configure:4840: gcc -c -g -O2  conftest.c >&5
configure:4840: $? = 0
configure:4840: result: yes
configure:4840: checking for strings.h
configure:4840: gcc -c -g -O2  conftest.c >&5
configure:4840: $? = 0
configure:4840: result: yes
configure:4840: checking for inttypes.h
configure:4840: gcc -c -g -O2  conftest.c >&5
configure:4840: $? = 0
configure:4840: result: yes
configure:4840: checking for stdint.h
configure:4840: gcc -c -g -O2  conftest.c >&5
configure:4840: $? = 0
configure:4840: result: yes
configure:4840: checking for unistd.h
configure:4840: gcc -c -g -O2  conftest.c >&5
configure:4840: $? = 0
configure:4840: result: yes
configure:4856: checking fcntl.h usability
configure:4856: gcc -c -g -O2  conftest.c >&5
configure:4856: $? = 0
configure:4856: result: yes
configure:4856: checking fcntl.h presence
configure:4856: gcc -E  conftest.c
configure:4856: $? = 0
configure:4856: result: yes
configure:4856: checking for fcntl.h
configure:4856: result: yes
configure:4856: checking limits.h usability
configure:4856: gcc -c -g -O2  conftest.c >&5
configure:4856: $? = 0
configure:4856: result: yes
configure:4856: checking limits.h presence
configure:4856: gcc -E  conftest.c
configure:4856: $? = 0
configure:4856: result: yes
configure:4856: checking for limits.h
configure:4856: result: yes
configure:4856: checking stddef.h usability
configure:4856: gcc -c -g -O2  conftest.c >&5
configure:4856: $? = 0
configure:4856: result: yes
configure:4856: checking stddef.h presence
configure:4856: gcc -E  conftest.c
configure:4856: $? = 0
configure:4856: result: yes
configure:4856: checking for stddef.h
configure:4856: result: yes
configure:4856: checking for stdlib.h
configure:4856: result: yes
configure:4856: checking for string.h
configure:4856: result: yes
configure:4856: checking for unistd.h
configure:4856: result: yes
configure:4869: checking for stdbool.h that conforms to C99
configure:4954: gcc -c -g -O2  conftest.c >&5
configure:4954: $? = 0
configure:4961: result: yes
configure:4963: checking for _Bool
configure:4963: gcc -c -g -O2  conftest.c >&5
configure:4963: $? = 0
configure:4963: gcc -c -g -O2  conftest.c >&5
conftest.c: In function 'main':
conftest.c:65:20: error: expected expression before ')' token
configure:4963: $? = 1
configure: failed program was:
| /* confdefs.h */
| #define PACKAGE_NAME "FULL-PACKAGE-NAME"
| #define PACKAGE_TARNAME "full-package-name"
| #define PACKAGE_VERSION "VERSION"
| #define PACKAGE_STRING "FULL-PACKAGE-NAME VERSION"
| #define PACKAGE_BUGREPORT "BUG-REPORT-ADDRESS"
| #define PACKAGE_URL ""
| #define HAVE_DIRENT_H 1
| #define HAVE_LIBX11 1
| #define HAVE_LIBFREETYPE 1
| #define HAVE_LIBM 1
| #define STDC_HEADERS 1
| #define HAVE_SYS_TYPES_H 1
| #define HAVE_SYS_STAT_H 1
| #define HAVE_STDLIB_H 1
| #define HAVE_STRING_H 1
| #define HAVE_MEMORY_H 1
| #define HAVE_STRINGS_H 1
| #define HAVE_INTTYPES_H 1
| #define HAVE_STDINT_H 1
| #define HAVE_UNISTD_H 1
| #define HAVE_FCNTL_H 1
| #define HAVE_LIMITS_H 1
| #define HAVE_STDDEF_H 1
| #define HAVE_STDLIB_H 1
| #define HAVE_STRING_H 1
| #define HAVE_UNISTD_H 1
| /* end confdefs.h.  */
| #include <stdio.h>
| #ifdef HAVE_SYS_TYPES_H
| # include <sys/types.h>
| #endif
| #ifdef HAVE_SYS_STAT_H
| # include <sys/stat.h>
| #endif
| #ifdef STDC_HEADERS
| # include <stdlib.h>
| # include <stddef.h>
| #else
| # ifdef HAVE_STDLIB_H
| #  include <stdlib.h>
| # endif
| #endif
| #ifdef HAVE_STRING_H
| # if !defined STDC_HEADERS && defined HAVE_MEMORY_H
| #  include <memory.h>
| # endif
| # include <string.h>
| #endif
| #ifdef HAVE_STRINGS_H
| # include <strings.h>
| #endif
| #ifdef HAVE_INTTYPES_H
| # include <inttypes.h>
| #endif
| #ifdef HAVE_STDINT_H
| # include <stdint.h>
| #endif
| #ifdef HAVE_UNISTD_H
| # include <unistd.h>
| #endif
| int
| main ()
| {
| if (sizeof ((_Bool)))
| 	    return 0;
|   ;
|   return 0;
| }
configure:4963: result: yes
configure:4979: checking for inline
configure:4995: gcc -c -g -O2  conftest.c >&5
configure:4995: $? = 0
configure:5003: result: inline
configure:5021: checking for size_t
configure:5021: gcc -c -g -O2  conftest.c >&5
configure:5021: $? = 0
configure:5021: gcc -c -g -O2  conftest.c >&5
conftest.c: In function 'main':
conftest.c:67:21: error: expected expression before ')' token
configure:5021: $? = 1
configure: failed program was:
| /* confdefs.h */
| #define PACKAGE_NAME "FULL-PACKAGE-NAME"
| #define PACKAGE_TARNAME "full-package-name"
| #define PACKAGE_VERSION "VERSION"
| #define PACKAGE_STRING "FULL-PACKAGE-NAME VERSION"
| #define PACKAGE_BUGREPORT "BUG-REPORT-ADDRESS"
| #define PACKAGE_URL ""
| #define HAVE_DIRENT_H 1
| #define HAVE_LIBX11 1
| #define HAVE_LIBFREETYPE 1
| #define HAVE_LIBM 1
| #define STDC_HEADERS 1
| #define HAVE_SYS_TYPES_H 1
| #define HAVE_SYS_STAT_H 1
| #define HAVE_STDLIB_H 1
| #define HAVE_STRING_H 1
| #define HAVE_MEMORY_H 1
| #define HAVE_STRINGS_H 1
| #define HAVE_INTTYPES_H 1
| #define HAVE_STDINT_H 1
| #define HAVE_UNISTD_H 1
| #define HAVE_FCNTL_H 1
| #define HAVE_LIMITS_H 1
| #define HAVE_STDDEF_H 1
| #define HAVE_STDLIB_H 1
| #define HAVE_STRING_H 1
| #define HAVE_UNISTD_H 1
| #define HAVE__BOOL 1
| #define HAVE_STDBOOL_H 1
| /* end confdefs.h.  */
| #include <stdio.h>
| #ifdef HAVE_SYS_TYPES_H
| # include <sys/types.h>
| #endif
| #ifdef HAVE_SYS_STAT_H
| # include <sys/stat.h>
| #endif
| #ifdef STDC_HEADERS
| # include <stdlib.h>
| # include <stddef.h>
| #else
| # ifdef HAVE_STDLIB_H
| #  include <stdlib.h>
| # endif
| #endif
| #ifdef HAVE_STRING_H
| # if !defined STDC_HEADERS && defined HAVE_MEMORY_H
| #  include <memory.h>
| # endif
| # include <string.h>
| #endif
| #ifdef HAVE_STRINGS_H
| # include <strings.h>
| #endif
| #ifdef HAVE_INTTYPES_H
| # include <inttypes.h>
| #endif
| #ifdef HAVE_STDINT_H
| # include <stdint.h>
| #endif
| #ifdef HAVE_UNISTD_H
| # include <unistd.h>
| #endif
| int
| main ()
| {
| if (sizeof ((size_t)))
| 	    return 0;
|   ;
|   return 0;
| }
configure:5021: result: yes
configure:5049: checking for popen
configure:5049: gcc -o conftest -g -O2   conftest.c -lm -lfreetype -lX11  >&5
configure:5049: $? = 0
configure:5049: result: yes
configure:5058: checking for mkstemp
configure:5075: gcc -o conftest -g -O2   conftest.c -lm -lfreetype -lX11  >&5
configure:5075: $? = 0
configure:5083: result: yes
configure:5089: checking for mkstemps
configure:5106: gcc -o conftest -g -O2   conftest.c -lm -lfreetype -lX11  >&5
configure:5106: $? = 0
configure:5114: result: yes
configure:5122: checking for error_at_line
configure:5138: gcc -o conftest -g -O2   conftest.c -lm -lfreetype -lX11  >&5
configure:5138: $? = 0
configure:5146: result: yes
configure:5157: checking for _LARGEFILE_SOURCE value needed for large files
configure:5176: gcc -o conftest -g -O2   conftest.c -lm -lfreetype -lX11  >&5
configure:5176: $? = 0
configure:5204: result: no
configure:5227: checking for stdlib.h
configure:5227: result: yes
configure:5237: checking for GNU libc compatible malloc
configure:5261: gcc -o conftest -g -O2   conftest.c -lm -lfreetype -lX11  >&5
configure:5261: $? = 0
configure:5261: ./conftest
configure:5261: $? = 0
configure:5271: result: yes
configure:5292: checking whether time.h and sys/time.h may both be included
configure:5312: gcc -c -g -O2  conftest.c >&5
configure:5312: $? = 0
configure:5319: result: yes
configure:5333: checking for sys/time.h
configure:5333: gcc -c -g -O2  conftest.c >&5
configure:5333: $? = 0
configure:5333: result: yes
configure:5333: checking for unistd.h
configure:5333: result: yes
configure:5355: checking for alarm
configure:5355: gcc -o conftest -g -O2   conftest.c -lm -lfreetype -lX11  >&5
configure:5355: $? = 0
configure:5355: result: yes
configure:5369: checking for working mktime
configure:5574: gcc -o conftest -g -O2   conftest.c -lm -lfreetype -lX11  >&5
configure:5574: $? = 0
configure:5574: ./conftest
configure:5574: $? = 0
configure:5584: result: yes
configure:5597: checking for stdlib.h
configure:5597: result: yes
configure:5607: checking for GNU libc compatible realloc
configure:5631: gcc -o conftest -g -O2   conftest.c -lm -lfreetype -lX11  >&5
configure:5631: $? = 0
configure:5631: ./conftest
configure:5631: $? = 0
configure:5641: result: yes
configure:5665: checking for floor
configure:5665: gcc -o conftest -g -O2   conftest.c -lm -lfreetype -lX11  >&5
conftest.c:67:6: warning: conflicting types for built-in function 'floor' [enabled by default]
configure:5665: $? = 0
configure:5665: result: yes
configure:5665: checking for ftime
configure:5665: gcc -o conftest -g -O2   conftest.c -lm -lfreetype -lX11  >&5
configure:5665: $? = 0
configure:5665: result: yes
configure:5665: checking for getcwd
configure:5665: gcc -o conftest -g -O2   conftest.c -lm -lfreetype -lX11  >&5
configure:5665: $? = 0
configure:5665: result: yes
configure:5665: checking for gettimeofday
configure:5665: gcc -o conftest -g -O2   conftest.c -lm -lfreetype -lX11  >&5
configure:5665: $? = 0
configure:5665: result: yes
configure:5665: checking for memmove
configure:5665: gcc -o conftest -g -O2   conftest.c -lm -lfreetype -lX11  >&5
conftest.c:71:6: warning: conflicting types for built-in function 'memmove' [enabled by default]
configure:5665: $? = 0
configure:5665: result: yes
configure:5665: checking for memset
configure:5665: gcc -o conftest -g -O2   conftest.c -lm -lfreetype -lX11  >&5
conftest.c:72:6: warning: conflicting types for built-in function 'memset' [enabled by default]
configure:5665: $? = 0
configure:5665: result: yes
configure:5665: checking for pow
configure:5665: gcc -o conftest -g -O2   conftest.c -lm -lfreetype -lX11  >&5
conftest.c:73:6: warning: conflicting types for built-in function 'pow' [enabled by default]
configure:5665: $? = 0
configure:5665: result: yes
configure:5665: checking for sqrt
configure:5665: gcc -o conftest -g -O2   conftest.c -lm -lfreetype -lX11  >&5
conftest.c:74:6: warning: conflicting types for built-in function 'sqrt' [enabled by default]
configure:5665: $? = 0
configure:5665: result: yes
configure:5665: checking for strcasecmp
configure:5665: gcc -o conftest -g -O2   conftest.c -lm -lfreetype -lX11  >&5
conftest.c:75:6: warning: conflicting types for built-in function 'strcasecmp' [enabled by default]
configure:5665: $? = 0
configure:5665: result: yes
configure:5665: checking for strchr
configure:5665: gcc -o conftest -g -O2   conftest.c -lm -lfreetype -lX11  >&5
conftest.c:76:6: warning: conflicting types for built-in function 'strchr' [enabled by default]
configure:5665: $? = 0
configure:5665: result: yes
configure:5665: checking for strcspn
configure:5665: gcc -o conftest -g -O2   conftest.c -lm -lfreetype -lX11  >&5
conftest.c:77:6: warning: conflicting types for built-in function 'strcspn' [enabled by default]
configure:5665: $? = 0
configure:5665: result: yes
configure:5665: checking for strrchr
configure:5665: gcc -o conftest -g -O2   conftest.c -lm -lfreetype -lX11  >&5
conftest.c:78:6: warning: conflicting types for built-in function 'strrchr' [enabled by default]
configure:5665: $? = 0
configure:5665: result: yes
configure:5665: checking for strstr
configure:5665: gcc -o conftest -g -O2   conftest.c -lm -lfreetype -lX11  >&5
conftest.c:79:6: warning: conflicting types for built-in function 'strstr' [enabled by default]
configure:5665: $? = 0
configure:5665: result: yes
configure:5780: creating ./config.status

## ---------------------- ##
## Running config.status. ##
## ---------------------- ##

This file was extended by FULL-PACKAGE-NAME config.status VERSION, which was
generated by GNU Autoconf 2.65.  Invocation command line was

  CONFIG_FILES    = 
  CONFIG_HEADERS  = 
  CONFIG_LINKS    = 
  CONFIG_COMMANDS = 
  $ ./config.status 

on shkaterruesi

config.status:852: creating Makefile
config.status:852: creating fofi/Makefile
config.status:852: creating goo/Makefile
config.status:852: creating splash/Makefile
config.status:852: creating src/Makefile
config.status:852: creating xpdf/Makefile
config.status:852: creating aconf.h

## ---------------- ##
## Cache variables. ##
## ---------------- ##

ac_cv_c_compiler_gnu=yes
ac_cv_c_inline=inline
ac_cv_cxx_compiler_gnu=yes
ac_cv_env_CCC_set=
ac_cv_env_CCC_value=
ac_cv_env_CC_set=
ac_cv_env_CC_value=
ac_cv_env_CFLAGS_set=
ac_cv_env_CFLAGS_value=
ac_cv_env_CPPFLAGS_set=
ac_cv_env_CPPFLAGS_value=
ac_cv_env_CPP_set=
ac_cv_env_CPP_value=
ac_cv_env_CXXFLAGS_set=
ac_cv_env_CXXFLAGS_value=
ac_cv_env_CXX_set=
ac_cv_env_CXX_value=
ac_cv_env_LDFLAGS_set=
ac_cv_env_LDFLAGS_value=
ac_cv_env_LIBS_set=
ac_cv_env_LIBS_value=
ac_cv_env_XMKMF_set=
ac_cv_env_XMKMF_value=
ac_cv_env_build_alias_set=
ac_cv_env_build_alias_value=
ac_cv_env_host_alias_set=
ac_cv_env_host_alias_value=
ac_cv_env_target_alias_set=
ac_cv_env_target_alias_value=
ac_cv_func_alarm=yes
ac_cv_func_connect=yes
ac_cv_func_floor=yes
ac_cv_func_ftime=yes
ac_cv_func_getcwd=yes
ac_cv_func_gethostbyname=yes
ac_cv_func_gettimeofday=yes
ac_cv_func_malloc_0_nonnull=yes
ac_cv_func_memmove=yes
ac_cv_func_memset=yes
ac_cv_func_popen=yes
ac_cv_func_pow=yes
ac_cv_func_realloc_0_nonnull=yes
ac_cv_func_remove=yes
ac_cv_func_shmat=yes
ac_cv_func_sqrt=yes
ac_cv_func_strcasecmp=yes
ac_cv_func_strchr=yes
ac_cv_func_strcspn=yes
ac_cv_func_strrchr=yes
ac_cv_func_strstr=yes
ac_cv_func_working_mktime=yes
ac_cv_have_x='have_x=yes	ac_x_includes='\'''\''	ac_x_libraries='\'''\'''
ac_cv_header_dirent_dirent_h=yes
ac_cv_header_fcntl_h=yes
ac_cv_header_inttypes_h=yes
ac_cv_header_limits_h=yes
ac_cv_header_memory_h=yes
ac_cv_header_stdbool_h=yes
ac_cv_header_stdc=yes
ac_cv_header_stddef_h=yes
ac_cv_header_stdint_h=yes
ac_cv_header_stdlib_h=yes
ac_cv_header_string_h=yes
ac_cv_header_strings_h=yes
ac_cv_header_sys_stat_h=yes
ac_cv_header_sys_time_h=yes
ac_cv_header_sys_types_h=yes
ac_cv_header_time=yes
ac_cv_header_unistd_h=yes
ac_cv_lib_Goo_main=no
ac_cv_lib_ICE_IceConnectionNumber=yes
ac_cv_lib_X11_main=yes
ac_cv_lib_Xpdf_main=no
ac_cv_lib_error_at_line=yes
ac_cv_lib_fofi_main=no
ac_cv_lib_freetype_main=yes
ac_cv_lib_m_main=yes
ac_cv_lib_splash_main=no
ac_cv_objext=o
ac_cv_path_EGREP='/bin/grep -E'
ac_cv_path_GREP=/bin/grep
ac_cv_prog_CPP='gcc -E'
ac_cv_prog_ac_ct_CC=gcc
ac_cv_prog_ac_ct_CXX=g++
ac_cv_prog_ac_ct_RANLIB=ranlib
ac_cv_prog_cc_c89=
ac_cv_prog_cc_g=yes
ac_cv_prog_cxx_g=yes
ac_cv_search_opendir='none required'
ac_cv_sys_largefile_source=no
ac_cv_type__Bool=yes
ac_cv_type_size_t=yes
xpdf_cv_func_mkstemp=yes
xpdf_cv_func_mkstemps=yes

## ----------------- ##
## Output variables. ##
## ----------------- ##

CC='gcc'
CFLAGS='-g -O2'
CPP='gcc -E'
CPPFLAGS=''
CXX='g++'
CXXFLAGS='-g -O2'
DEFS='-DHAVE_CONFIG_H'
ECHO_C=''
ECHO_N='-n'
ECHO_T=''
EGREP='/bin/grep -E'
EXEEXT=''
GREP='/bin/grep'
LDFLAGS=''
LIBOBJS=''
LIBS='-lm -lfreetype -lX11 '
LTLIBOBJS=''
OBJEXT='o'
PACKAGE_BUGREPORT='BUG-REPORT-ADDRESS'
PACKAGE_NAME='FULL-PACKAGE-NAME'
PACKAGE_STRING='FULL-PACKAGE-NAME VERSION'
PACKAGE_TARNAME='full-package-name'
PACKAGE_URL=''
PACKAGE_VERSION='VERSION'
PATH_SEPARATOR=':'
RANLIB='ranlib'
SHELL='/bin/bash'
XMKMF=''
X_CFLAGS=''
X_EXTRA_LIBS=''
X_LIBS=''
X_PRE_LIBS=' -lSM -lICE'
ac_ct_CC='gcc'
ac_ct_CXX='g++'
bindir='${exec_prefix}/bin'
build_alias=''
datadir='${datarootdir}'
datarootdir='${prefix}/share'
docdir='${datarootdir}/doc/${PACKAGE_TARNAME}'
dvidir='${docdir}'
exec_prefix='${prefix}'
host_alias=''
htmldir='${docdir}'
includedir='${prefix}/include'
infodir='${datarootdir}/info'
libdir='${exec_prefix}/lib'
libexecdir='${exec_prefix}/libexec'
localedir='${datarootdir}/locale'
localstatedir='${prefix}/var'
mandir='${datarootdir}/man'
oldincludedir='/usr/include'
pdfdir='${docdir}'
prefix='/usr/local'
program_transform_name='s,x,x,'
psdir='${docdir}'
sbindir='${exec_prefix}/sbin'
sharedstatedir='${prefix}/com'
sysconfdir='${prefix}/etc'
target_alias=''

## ----------- ##
## confdefs.h. ##
## ----------- ##

/* confdefs.h */
#define PACKAGE_NAME "FULL-PACKAGE-NAME"
#define PACKAGE_TARNAME "full-package-name"
#define PACKAGE_VERSION "VERSION"
#define PACKAGE_STRING "FULL-PACKAGE-NAME VERSION"
#define PACKAGE_BUGREPORT "BUG-REPORT-ADDRESS"
#define PACKAGE_URL ""
#define HAVE_DIRENT_H 1
#define HAVE_LIBX11 1
#define HAVE_LIBFREETYPE 1
#define HAVE_LIBM 1
#define STDC_HEADERS 1
#define HAVE_SYS_TYPES_H 1
#define HAVE_SYS_STAT_H 1
#define HAVE_STDLIB_H 1
#define HAVE_STRING_H 1
#define HAVE_MEMORY_H 1
#define HAVE_STRINGS_H 1
#define HAVE_INTTYPES_H 1
#define HAVE_STDINT_H 1
#define HAVE_UNISTD_H 1
#define HAVE_FCNTL_H 1
#define HAVE_LIMITS_H 1
#define HAVE_STDDEF_H 1
#define HAVE_STDLIB_H 1
#define HAVE_STRING_H 1
#define HAVE_UNISTD_H 1
#define HAVE__BOOL 1
#define HAVE_STDBOOL_H 1
#define SYSTEM_XPDFRC "/usr/local/etc/xpdfrc"
#define HAVE_POPEN 1
#define HAVE_MKSTEMP 1
#define HAVE_MKSTEMPS 1
#define HAVE_FSEEKO 1
#define HAVE_STDLIB_H 1
#define HAVE_MALLOC 1
#define TIME_WITH_SYS_TIME 1
#define HAVE_SYS_TIME_H 1
#define HAVE_UNISTD_H 1
#define HAVE_ALARM 1
#define HAVE_STDLIB_H 1
#define HAVE_REALLOC 1
#define HAVE_FLOOR 1
#define HAVE_FTIME 1
#define HAVE_GETCWD 1
#define HAVE_GETTIMEOFDAY 1
#define HAVE_MEMMOVE 1
#define HAVE_MEMSET 1
#define HAVE_POW 1
#define HAVE_SQRT 1
#define HAVE_STRCASECMP 1
#define HAVE_STRCHR 1
#define HAVE_STRCSPN 1
#define HAVE_STRRCHR 1
#define HAVE_STRSTR 1

configure: exit 0
